*** Error in `/home/cs6340/csvParser': malloc(): smallbin double linked list corrupted: 0x0000000000d8d370 ***
======= Backtrace: =========
/lib/x86_64-linux-gnu/libc.so.6(+0x777e5)[0x7fd9fcad27e5]
/lib/x86_64-linux-gnu/libc.so.6(+0x82651)[0x7fd9fcadd651]
/lib/x86_64-linux-gnu/libc.so.6(__libc_malloc+0x54)[0x7fd9fcadf184]
/usr/lib/x86_64-linux-gnu/libstdc++.so.6(_Znwm+0x18)[0x7fd9fd3d1e78]
/home/cs6340/csvParser[0x4198ac]
/home/cs6340/csvParser[0x419695]
/home/cs6340/csvParser[0x40c4bc]
/home/cs6340/csvParser[0x40c45d]
/home/cs6340/csvParser[0x40c3ed]
/home/cs6340/csvParser[0x40c32f]
/home/cs6340/csvParser[0x40c2e9]
/home/cs6340/csvParser[0x40c2a9]
/home/cs6340/csvParser[0x40c122]
/home/cs6340/csvParser[0x40bda1]
/home/cs6340/csvParser[0x40bc5d]
/home/cs6340/csvParser[0x40bbb0]
/home/cs6340/csvParser[0x40b143]
/home/cs6340/csvParser[0x40f955]
/home/cs6340/csvParser[0x40e8fc]
/home/cs6340/csvParser[0x40d09f]
/home/cs6340/csvParser[0x40caa8]
/home/cs6340/csvParser[0x40c7b9]
/home/cs6340/csvParser[0x40c7dc]
/home/cs6340/csvParser[0x40c7dc]
/home/cs6340/csvParser[0x40c7dc]
/home/cs6340/csvParser[0x40c7dc]
/home/cs6340/csvParser[0x406479]
/home/cs6340/csvParser[0x405d58]
/home/cs6340/csvParser[0x405a11]
/home/cs6340/csvParser[0x405932]
/home/cs6340/csvParser[0x40586b]
/home/cs6340/csvParser[0x404ec3]
/home/cs6340/csvParser[0x4043c8]
/lib/x86_64-linux-gnu/libc.so.6(__libc_start_main+0xf0)[0x7fd9fca7b830]
/home/cs6340/csvParser[0x403a19]
======= Memory map: ========
00400000-00456000 r-xp 00000000 08:01 393406                             /home/cs6340/csvParser
00655000-00656000 r--p 00055000 08:01 393406                             /home/cs6340/csvParser
00656000-00657000 rw-p 00056000 08:01 393406                             /home/cs6340/csvParser
00cbc000-00df2000 rw-p 00000000 00:00 0                                  [heap]
7fd9f8000000-7fd9f8021000 rw-p 00000000 00:00 0 
7fd9f8021000-7fd9fc000000 ---p 00000000 00:00 0 
7fd9fca5b000-7fd9fcc1b000 r-xp 00000000 08:01 400173                     /lib/x86_64-linux-gnu/libc-2.23.so
7fd9fcc1b000-7fd9fce1b000 ---p 001c0000 08:01 400173                     /lib/x86_64-linux-gnu/libc-2.23.so
7fd9fce1b000-7fd9fce1f000 r--p 001c0000 08:01 400173                     /lib/x86_64-linux-gnu/libc-2.23.so
7fd9fce1f000-7fd9fce21000 rw-p 001c4000 08:01 400173                     /lib/x86_64-linux-gnu/libc-2.23.so
7fd9fce21000-7fd9fce25000 rw-p 00000000 00:00 0 
7fd9fce25000-7fd9fce3b000 r-xp 00000000 08:01 400211                     /lib/x86_64-linux-gnu/libgcc_s.so.1
7fd9fce3b000-7fd9fd03a000 ---p 00016000 08:01 400211                     /lib/x86_64-linux-gnu/libgcc_s.so.1
7fd9fd03a000-7fd9fd03b000 rw-p 00015000 08:01 400211                     /lib/x86_64-linux-gnu/libgcc_s.so.1
7fd9fd03b000-7fd9fd143000 r-xp 00000000 08:01 400243                     /lib/x86_64-linux-gnu/libm-2.23.so
7fd9fd143000-7fd9fd342000 ---p 00108000 08:01 400243                     /lib/x86_64-linux-gnu/libm-2.23.so
7fd9fd342000-7fd9fd343000 r--p 00107000 08:01 400243                     /lib/x86_64-linux-gnu/libm-2.23.so
7fd9fd343000-7fd9fd344000 rw-p 00108000 08:01 400243                     /lib/x86_64-linux-gnu/libm-2.23.so
7fd9fd344000-7fd9fd4b6000 r-xp 00000000 08:01 14567                      /usr/lib/x86_64-linux-gnu/libstdc++.so.6.0.21
7fd9fd4b6000-7fd9fd6b6000 ---p 00172000 08:01 14567                      /usr/lib/x86_64-linux-gnu/libstdc++.so.6.0.21
7fd9fd6b6000-7fd9fd6c0000 r--p 00172000 08:01 14567                      /usr/lib/x86_64-linux-gnu/libstdc++.so.6.0.21
7fd9fd6c0000-7fd9fd6c2000 rw-p 0017c000 08:01 14567                      /usr/lib/x86_64-linux-gnu/libstdc++.so.6.0.21
7fd9fd6c2000-7fd9fd6c6000 rw-p 00000000 00:00 0 
7fd9fd6c6000-7fd9fd6ec000 r-xp 00000000 08:01 400145                     /lib/x86_64-linux-gnu/ld-2.23.so
7fd9fd8ce000-7fd9fd8d4000 rw-p 00000000 00:00 0 
7fd9fd8ea000-7fd9fd8eb000 rw-p 00000000 00:00 0 
7fd9fd8eb000-7fd9fd8ec000 r--p 00025000 08:01 400145                     /lib/x86_64-linux-gnu/ld-2.23.so
7fd9fd8ec000-7fd9fd8ed000 rw-p 00026000 08:01 400145                     /lib/x86_64-linux-gnu/ld-2.23.so
7fd9fd8ed000-7fd9fd8ee000 rw-p 00000000 00:00 0 
7ffea53fb000-7ffea541c000 rw-p 00000000 00:00 0                          [stack]
7ffea55b1000-7ffea55b4000 r--p 00000000 00:00 0                          [vvar]
7ffea55b4000-7ffea55b6000 r-xp 00000000 00:00 0                          [vdso]
ffffffffff600000-ffffffffff601000 r-xp 00000000 00:00 0                  [vsyscall]
