*** Error in `/home/cs6340/csvParser': malloc(): memory corruption (fast): 0x00000000016b7200 ***
======= Backtrace: =========
/lib/x86_64-linux-gnu/libc.so.6(+0x777e5)[0x7f0e2856e7e5]
/lib/x86_64-linux-gnu/libc.so.6(+0x82651)[0x7f0e28579651]
/lib/x86_64-linux-gnu/libc.so.6(__libc_malloc+0x54)[0x7f0e2857b184]
/usr/lib/x86_64-linux-gnu/libstdc++.so.6(_Znwm+0x18)[0x7f0e28e6de78]
/home/cs6340/csvParser[0x42b4f7]
/home/cs6340/csvParser[0x42b49c]
/home/cs6340/csvParser[0x42b443]
/home/cs6340/csvParser[0x42b37f]
/home/cs6340/csvParser[0x42b224]
/home/cs6340/csvParser[0x42af23]
/home/cs6340/csvParser[0x429e37]
/home/cs6340/csvParser[0x429566]
/home/cs6340/csvParser[0x429255]
/home/cs6340/csvParser[0x404cd5]
/home/cs6340/csvParser[0x403f56]
/lib/x86_64-linux-gnu/libc.so.6(__libc_start_main+0xf0)[0x7f0e28517830]
/home/cs6340/csvParser[0x403a19]
======= Memory map: ========
00400000-00456000 r-xp 00000000 08:01 393406                             /home/cs6340/csvParser
00655000-00656000 r--p 00055000 08:01 393406                             /home/cs6340/csvParser
00656000-00657000 rw-p 00056000 08:01 393406                             /home/cs6340/csvParser
0161a000-0174c000 rw-p 00000000 00:00 0                                  [heap]
7f0e24000000-7f0e24021000 rw-p 00000000 00:00 0 
7f0e24021000-7f0e28000000 ---p 00000000 00:00 0 
7f0e284f7000-7f0e286b7000 r-xp 00000000 08:01 400173                     /lib/x86_64-linux-gnu/libc-2.23.so
7f0e286b7000-7f0e288b7000 ---p 001c0000 08:01 400173                     /lib/x86_64-linux-gnu/libc-2.23.so
7f0e288b7000-7f0e288bb000 r--p 001c0000 08:01 400173                     /lib/x86_64-linux-gnu/libc-2.23.so
7f0e288bb000-7f0e288bd000 rw-p 001c4000 08:01 400173                     /lib/x86_64-linux-gnu/libc-2.23.so
7f0e288bd000-7f0e288c1000 rw-p 00000000 00:00 0 
7f0e288c1000-7f0e288d7000 r-xp 00000000 08:01 400211                     /lib/x86_64-linux-gnu/libgcc_s.so.1
7f0e288d7000-7f0e28ad6000 ---p 00016000 08:01 400211                     /lib/x86_64-linux-gnu/libgcc_s.so.1
7f0e28ad6000-7f0e28ad7000 rw-p 00015000 08:01 400211                     /lib/x86_64-linux-gnu/libgcc_s.so.1
7f0e28ad7000-7f0e28bdf000 r-xp 00000000 08:01 400243                     /lib/x86_64-linux-gnu/libm-2.23.so
7f0e28bdf000-7f0e28dde000 ---p 00108000 08:01 400243                     /lib/x86_64-linux-gnu/libm-2.23.so
7f0e28dde000-7f0e28ddf000 r--p 00107000 08:01 400243                     /lib/x86_64-linux-gnu/libm-2.23.so
7f0e28ddf000-7f0e28de0000 rw-p 00108000 08:01 400243                     /lib/x86_64-linux-gnu/libm-2.23.so
7f0e28de0000-7f0e28f52000 r-xp 00000000 08:01 14567                      /usr/lib/x86_64-linux-gnu/libstdc++.so.6.0.21
7f0e28f52000-7f0e29152000 ---p 00172000 08:01 14567                      /usr/lib/x86_64-linux-gnu/libstdc++.so.6.0.21
7f0e29152000-7f0e2915c000 r--p 00172000 08:01 14567                      /usr/lib/x86_64-linux-gnu/libstdc++.so.6.0.21
7f0e2915c000-7f0e2915e000 rw-p 0017c000 08:01 14567                      /usr/lib/x86_64-linux-gnu/libstdc++.so.6.0.21
7f0e2915e000-7f0e29162000 rw-p 00000000 00:00 0 
7f0e29162000-7f0e29188000 r-xp 00000000 08:01 400145                     /lib/x86_64-linux-gnu/ld-2.23.so
7f0e2936a000-7f0e29370000 rw-p 00000000 00:00 0 
7f0e29386000-7f0e29387000 rw-p 00000000 00:00 0 
7f0e29387000-7f0e29388000 r--p 00025000 08:01 400145                     /lib/x86_64-linux-gnu/ld-2.23.so
7f0e29388000-7f0e29389000 rw-p 00026000 08:01 400145                     /lib/x86_64-linux-gnu/ld-2.23.so
7f0e29389000-7f0e2938a000 rw-p 00000000 00:00 0 
7fffcd234000-7fffcd255000 rw-p 00000000 00:00 0                          [stack]
7fffcd32c000-7fffcd32f000 r--p 00000000 00:00 0                          [vvar]
7fffcd32f000-7fffcd331000 r-xp 00000000 00:00 0                          [vdso]
ffffffffff600000-ffffffffff601000 r-xp 00000000 00:00 0                  [vsyscall]
