*** Error in `/home/cs6340/csvParser': malloc(): memory corruption (fast): 0x0000000001c791b0 ***
======= Backtrace: =========
/lib/x86_64-linux-gnu/libc.so.6(+0x777e5)[0x7f37f31a07e5]
/lib/x86_64-linux-gnu/libc.so.6(+0x82651)[0x7f37f31ab651]
/lib/x86_64-linux-gnu/libc.so.6(__libc_malloc+0x54)[0x7f37f31ad184]
/usr/lib/x86_64-linux-gnu/libstdc++.so.6(_Znwm+0x18)[0x7f37f3a9fe78]
/home/cs6340/csvParser[0x42aac1]
/home/cs6340/csvParser[0x42aa6c]
/home/cs6340/csvParser[0x42a6d3]
/home/cs6340/csvParser[0x42f2e8]
/home/cs6340/csvParser[0x42ee37]
/home/cs6340/csvParser[0x42fb75]
/home/cs6340/csvParser[0x42fb0f]
/home/cs6340/csvParser[0x42fae2]
/home/cs6340/csvParser[0x429fb9]
/home/cs6340/csvParser[0x429572]
/home/cs6340/csvParser[0x429255]
/home/cs6340/csvParser[0x404cd5]
/home/cs6340/csvParser[0x403f56]
/lib/x86_64-linux-gnu/libc.so.6(__libc_start_main+0xf0)[0x7f37f3149830]
/home/cs6340/csvParser[0x403a19]
======= Memory map: ========
00400000-00456000 r-xp 00000000 08:01 393406                             /home/cs6340/csvParser
00655000-00656000 r--p 00055000 08:01 393406                             /home/cs6340/csvParser
00656000-00657000 rw-p 00056000 08:01 393406                             /home/cs6340/csvParser
01bdc000-01d12000 rw-p 00000000 00:00 0                                  [heap]
7f37ec000000-7f37ec021000 rw-p 00000000 00:00 0 
7f37ec021000-7f37f0000000 ---p 00000000 00:00 0 
7f37f3129000-7f37f32e9000 r-xp 00000000 08:01 400173                     /lib/x86_64-linux-gnu/libc-2.23.so
7f37f32e9000-7f37f34e9000 ---p 001c0000 08:01 400173                     /lib/x86_64-linux-gnu/libc-2.23.so
7f37f34e9000-7f37f34ed000 r--p 001c0000 08:01 400173                     /lib/x86_64-linux-gnu/libc-2.23.so
7f37f34ed000-7f37f34ef000 rw-p 001c4000 08:01 400173                     /lib/x86_64-linux-gnu/libc-2.23.so
7f37f34ef000-7f37f34f3000 rw-p 00000000 00:00 0 
7f37f34f3000-7f37f3509000 r-xp 00000000 08:01 400211                     /lib/x86_64-linux-gnu/libgcc_s.so.1
7f37f3509000-7f37f3708000 ---p 00016000 08:01 400211                     /lib/x86_64-linux-gnu/libgcc_s.so.1
7f37f3708000-7f37f3709000 rw-p 00015000 08:01 400211                     /lib/x86_64-linux-gnu/libgcc_s.so.1
7f37f3709000-7f37f3811000 r-xp 00000000 08:01 400243                     /lib/x86_64-linux-gnu/libm-2.23.so
7f37f3811000-7f37f3a10000 ---p 00108000 08:01 400243                     /lib/x86_64-linux-gnu/libm-2.23.so
7f37f3a10000-7f37f3a11000 r--p 00107000 08:01 400243                     /lib/x86_64-linux-gnu/libm-2.23.so
7f37f3a11000-7f37f3a12000 rw-p 00108000 08:01 400243                     /lib/x86_64-linux-gnu/libm-2.23.so
7f37f3a12000-7f37f3b84000 r-xp 00000000 08:01 14567                      /usr/lib/x86_64-linux-gnu/libstdc++.so.6.0.21
7f37f3b84000-7f37f3d84000 ---p 00172000 08:01 14567                      /usr/lib/x86_64-linux-gnu/libstdc++.so.6.0.21
7f37f3d84000-7f37f3d8e000 r--p 00172000 08:01 14567                      /usr/lib/x86_64-linux-gnu/libstdc++.so.6.0.21
7f37f3d8e000-7f37f3d90000 rw-p 0017c000 08:01 14567                      /usr/lib/x86_64-linux-gnu/libstdc++.so.6.0.21
7f37f3d90000-7f37f3d94000 rw-p 00000000 00:00 0 
7f37f3d94000-7f37f3dba000 r-xp 00000000 08:01 400145                     /lib/x86_64-linux-gnu/ld-2.23.so
7f37f3f9c000-7f37f3fa2000 rw-p 00000000 00:00 0 
7f37f3fb8000-7f37f3fb9000 rw-p 00000000 00:00 0 
7f37f3fb9000-7f37f3fba000 r--p 00025000 08:01 400145                     /lib/x86_64-linux-gnu/ld-2.23.so
7f37f3fba000-7f37f3fbb000 rw-p 00026000 08:01 400145                     /lib/x86_64-linux-gnu/ld-2.23.so
7f37f3fbb000-7f37f3fbc000 rw-p 00000000 00:00 0 
7ffd25da0000-7ffd25dc1000 rw-p 00000000 00:00 0                          [stack]
7ffd25dcb000-7ffd25dce000 r--p 00000000 00:00 0                          [vvar]
7ffd25dce000-7ffd25dd0000 r-xp 00000000 00:00 0                          [vdso]
ffffffffff600000-ffffffffff601000 r-xp 00000000 00:00 0                  [vsyscall]
